<?xml version="1.0" encoding="UTF-8"?>
<!-- Generated by org.testng.reporters.JUnitXMLReporter -->
<testsuite ignored="1" hostname="DESKTOP-EULJV3S" failures="0" tests="1" name="Default test(failed)" time="0.082" errors="0" timestamp="2024-06-22T16:36:37 IST">
  <testcase classname="PracticeProject.PracticeClass" name="test1" time="0.013"/>
  <testcase classname="PracticeProject.PracticeClass" name="test" time="0.0">
    <ignored/>
  </testcase> <!-- test -->
</testsuite> <!-- Default test(failed) -->
