<?xml version="1.0" encoding="UTF-8"?>
<testng-results ignored="0" total="2" passed="2" failed="0" skipped="0">
  <reporter-output>
  </reporter-output>
  <suite started-at="2024-06-22T16:38:48 IST" name="Default suite" finished-at="2024-06-22T16:38:48 IST" duration-ms="106">
    <groups>
      <group name="smoke">
        <method signature="PracticeClass.test()[pri:0, instance:PracticeProject.PracticeClass@73e22a3d]" name="test" class="PracticeProject.PracticeClass"/>
      </group> <!-- smoke -->
    </groups>
    <test started-at="2024-06-22T16:38:48 IST" name="Default test" finished-at="2024-06-22T16:38:48 IST" duration-ms="106">
      <class name="PracticeProject.PracticeClass">
        <test-method signature="test()[pri:0, instance:PracticeProject.PracticeClass@73e22a3d]" started-at="2024-06-22T16:38:48 IST" name="test" finished-at="2024-06-22T16:38:48 IST" duration-ms="13" status="PASS">
          <reporter-output>
          </reporter-output>
        </test-method> <!-- test -->
        <test-method signature="test1()[pri:0, instance:PracticeProject.PracticeClass@73e22a3d]" started-at="2024-06-22T16:38:48 IST" name="test1" finished-at="2024-06-22T16:38:48 IST" duration-ms="3" status="PASS">
          <reporter-output>
          </reporter-output>
        </test-method> <!-- test1 -->
      </class> <!-- PracticeProject.PracticeClass -->
    </test> <!-- Default test -->
  </suite> <!-- Default suite -->
</testng-results>
